app/build/outputs/logs/manifest-merger-release-report.txt
-- Merging decision tree log ---
manifest
ADDED from src\main\AndroidManifest.xml:2:1-297:12
INJECTED from src\main\AndroidManifest.xml:2:1-297:12
INJECTED from src\main\AndroidManifest.xml:2:1-297:12
INJECTED from src\main\AndroidManifest.xml:2:1-297:12
MERGED from [androidx.databinding:viewbinding:7.0.4] AndroidManifest.xml:17:1-22:12
MERGED from [androidx.navigation:navigation-ui:2.3.5] AndroidManifest.xml:17:1-24:12
MERGED from [com.basgeekball:awesome-validation:4.3] AndroidManifest.xml:2:1-11:12
MERGED from [com.google.android.material:material:1.4.0] AndroidManifest.xml:17:1-24:12
MERGED from [androidx.constraintlayout:constraintlayout:2.1.2] AndroidManifest.xml:2:1-11:12
MERGED from [com.airbnb.android:lottie:4.2.2] AndroidManifest.xml:2:1-11:12
MERGED from [androidx.appcompat:appcompat:1.4.0] AndroidManifest.xml:17:1-24:12
MERGED from [com.github.barteksc:android-pdf-viewer:3.2.0-beta.1] AndroidManifest.xml:2:1-11:12
MERGED from [androidx.multidex:multidex:2.0.0] AndroidManifest.xml:17:1-22:12
MERGED from [androidx.navigation:navigation-fragment:2.3.5] AndroidManifest.xml:17:1-24:12
MERGED from [com.github.barteksc:pdfium-android:1.9.0] AndroidManifest.xml:2:1-11:12
MERGED from [androidx.legacy:legacy-support-v4:1.0.0] AndroidManifest.xml:17:1-22:12
MERGED from [com.github.smarteist:autoimageslider:1.4.0] AndroidManifest.xml:2:1-17:12
MERGED from [com.google.android.gms:play-services-ads:20.5.0] AndroidManifest.xml:17:1-25:12
MERGED from [androidx.viewpager2:viewpager2:1.0.0] AndroidManifest.xml:17:1-24:12
MERGED from [com.google.android.gms:play-services-ads-lite:20.5.0] AndroidManifest.xml:17:1-67:12
MERGED from [com.google.android.gms:play-services-ads-base:20.5.0] AndroidManifest.xml:2:1-9:12
MERGED from [com.google.android.ump:user-messaging-platform:1.0.0] AndroidManifest.xml:2:1-7:12
MERGED from [com.google.android.gms:play-services-ads-identifier:17.0.0] AndroidManifest.xml:17:1-24:12
MERGED from [com.google.android.gms:play-services-appset:16.0.0] AndroidManifest.xml:2:1-9:12
MERGED from [com.google.android.gms:play-services-measurement-sdk-api:18.0.3] AndroidManifest.xml:17:1-27:12
MERGED from [com.google.android.gms:play-services-base:17.6.0] AndroidManifest.xml:17:1-29:12
MERGED from [com.google.android.gms:play-services-measurement-base:18.0.3] AndroidManifest.xml:2:1-9:12
MERGED from [com.google.android.gms:play-services-tasks:17.2.1] AndroidManifest.xml:2:1-9:12
MERGED from [com.google.android.gms:play-services-basement:17.6.0] AndroidManifest.xml:17:1-28:12
MERGED from [androidx.fragment:fragment:1.3.6] AndroidManifest.xml:17:1-24:12
MERGED from [androidx.navigation:navigation-runtime:2.3.5] AndroidManifest.xml:17:1-24:12
MERGED from [androidx.activity:activity:1.2.4] AndroidManifest.xml:17:1-24:12
MERGED from [androidx.appcompat:appcompat-resources:1.4.0] AndroidManifest.xml:17:1-24:12
MERGED from [androidx.emoji2:emoji2-views-helper:1.0.0] AndroidManifest.xml:17:1-24:12
MERGED from [androidx.emoji2:emoji2:1.0.0] AndroidManifest.xml:17:1-37:12
MERGED from [androidx.browser:browser:1.0.0] AndroidManifest.xml:17:1-22:12
MERGED from [androidx.legacy:legacy-support-core-ui:1.0.0] AndroidManifest.xml:17:1-22:12
MERGED from [androidx.coordinatorlayout:coordinatorlayout:1.1.0] AndroidManifest.xml:17:1-24:12
MERGED from [androidx.dynamicanimation:dynamicanimation:1.0.0] AndroidManifest.xml:17:1-22:12
MERGED from [androidx.vectordrawable:vectordrawable-animated:1.1.0] AndroidManifest.xml:17:1-24:12
MERGED from [androidx.vectordrawable:vectordrawable:1.1.0] AndroidManifest.xml:17:1-24:12
MERGED from [androidx.drawerlayout:drawerlayout:1.1.1] AndroidManifest.xml:17:1-24:12
MERGED from [androidx.transition:transition:1.3.0] AndroidManifest.xml:17:1-24:12
MERGED from [androidx.viewpager:viewpager:1.0.0] AndroidManifest.xml:17:1-22:12
MERGED from [androidx.recyclerview:recyclerview:1.1.0] AndroidManifest.xml:17:1-24:12
MERGED from [androidx.slidingpanelayout:slidingpanelayout:1.0.0] AndroidManifest.xml:17:1-22:12
MERGED from [androidx.customview:customview:1.1.0] AndroidManifest.xml:17:1-24:12
MERGED from [androidx.media:media:1.0.0] AndroidManifest.xml:17:1-22:12
MERGED from [androidx.legacy:legacy-support-core-utils:1.0.0] AndroidManifest.xml:17:1-22:12
MERGED from [androidx.loader:loader:1.0.0] AndroidManifest.xml:17:1-22:12
MERGED from [androidx.navigation:navigation-common:2.3.5] AndroidManifest.xml:17:1-24:12
MERGED from [androidx.swiperefreshlayout:swiperefreshlayout:1.0.0] AndroidManifest.xml:17:1-22:12
MERGED from [androidx.asynclayoutinflater:asynclayoutinflater:1.0.0] AndroidManifest.xml:17:1-22:12
MERGED from [androidx.work:work-runtime:2.7.0] AndroidManifest.xml:17:1-145:12
MERGED from [androidx.core:core:1.7.0] AndroidManifest.xml:17:1-26:12
MERGED from [androidx.cursoradapter:cursoradapter:1.0.0] AndroidManifest.xml:17:1-22:12
MERGED from [androidx.lifecycle:lifecycle-viewmodel-savedstate:2.3.1] AndroidManifest.xml:17:1-24:12
MERGED from [androidx.savedstate:savedstate:1.1.0] AndroidManifest.xml:17:1-24:12
MERGED from [androidx.lifecycle:lifecycle-viewmodel:2.3.1] AndroidManifest.xml:17:1-24:12
MERGED from [androidx.cardview:cardview:1.0.0] AndroidManifest.xml:17:1-22:12
MERGED from [androidx.versionedparcelable:versionedparcelable:1.1.1] AndroidManifest.xml:17:1-27:12
MERGED from [androidx.lifecycle:lifecycle-process:2.4.0] AndroidManifest.xml:17:1-37:12
MERGED from [androidx.startup:startup-runtime:1.0.0] AndroidManifest.xml:17:1-33:12
MERGED from [androidx.tracing:tracing:1.0.0] AndroidManifest.xml:17:1-24:12
MERGED from [androidx.lifecycle:lifecycle-livedata:2.1.0] AndroidManifest.xml:17:1-22:12
MERGED from [androidx.lifecycle:lifecycle-livedata-core:2.3.1] AndroidManifest.xml:17:1-24:12
MERGED from [androidx.lifecycle:lifecycle-service:2.1.0] AndroidManifest.xml:17:1-22:12
MERGED from [androidx.lifecycle:lifecycle-runtime:2.4.0] AndroidManifest.xml:17:1-24:12
MERGED from [androidx.room:room-runtime:2.2.5] AndroidManifest.xml:17:1-31:12
MERGED from [androidx.arch.core:core-runtime:2.1.0] AndroidManifest.xml:17:1-24:12
MERGED from [androidx.documentfile:documentfile:1.0.0] AndroidManifest.xml:17:1-22:12
MERGED from [androidx.localbroadcastmanager:localbroadcastmanager:1.0.0] AndroidManifest.xml:17:1-22:12
MERGED from [androidx.print:print:1.0.0] AndroidManifest.xml:17:1-22:12
MERGED from [androidx.interpolator:interpolator:1.0.0] AndroidManifest.xml:17:1-22:12
MERGED from [androidx.sqlite:sqlite-framework:2.1.0] AndroidManifest.xml:17:1-24:12
MERGED from [androidx.sqlite:sqlite:2.1.0] AndroidManifest.xml:17:1-24:12
MERGED from [androidx.annotation:annotation-experimental:1.1.0] AndroidManifest.xml:17:1-24:12
INJECTED from src\main\AndroidManifest.xml:2:1-297:12
INJECTED from src\main\AndroidManifest.xml:2:1-297:12
INJECTED from src\main\AndroidManifest.xml:2:1-297:12
	package
		ADDED from src\main\AndroidManifest.xml:4:5-41
		INJECTED from src\main\AndroidManifest.xml
		INJECTED from src\main\AndroidManifest.xml
	android:versionName
		INJECTED from src\main\AndroidManifest.xml
		ADDED from src\main\AndroidManifest.xml:2:1-297:12
		INJECTED from src\main\AndroidManifest.xml
	xmlns:tools
		ADDED from src\main\AndroidManifest.xml:3:5-51
	android:versionCode
		INJECTED from src\main\AndroidManifest.xml
		ADDED from src\main\AndroidManifest.xml:2:1-297:12
		INJECTED from src\main\AndroidManifest.xml
	xmlns:android
		ADDED from src\main\AndroidManifest.xml:2:11-69
uses-permission#android.permission.INTERNET
ADDED from src\main\AndroidManifest.xml:5:1-62
MERGED from [com.google.android.gms:play-services-ads-lite:20.5.0] AndroidManifest.xml:23:5-67
MERGED from [com.google.android.gms:play-services-ads-lite:20.5.0] AndroidManifest.xml:23:5-67
MERGED from [com.google.android.gms:play-services-measurement-sdk-api:18.0.3] AndroidManifest.xml:23:5-67
MERGED from [com.google.android.gms:play-services-measurement-sdk-api:18.0.3] AndroidManifest.xml:23:5-67
	android:name
		ADDED from src\main\AndroidManifest.xml:5:18-60
application
ADDED from src\main\AndroidManifest.xml:6:5-295:19
MERGED from [com.google.android.material:material:1.4.0] AndroidManifest.xml:22:5-20
MERGED from [com.google.android.material:material:1.4.0] AndroidManifest.xml:22:5-20
MERGED from [androidx.constraintlayout:constraintlayout:2.1.2] AndroidManifest.xml:9:5-20
MERGED from [androidx.constraintlayout:constraintlayout:2.1.2] AndroidManifest.xml:9:5-20
MERGED from [com.airbnb.android:lottie:4.2.2] AndroidManifest.xml:9:5-20
MERGED from [com.airbnb.android:lottie:4.2.2] AndroidManifest.xml:9:5-20
MERGED from [com.github.smarteist:autoimageslider:1.4.0] AndroidManifest.xml:11:5-15:19
MERGED from [com.github.smarteist:autoimageslider:1.4.0] AndroidManifest.xml:11:5-15:19
MERGED from [com.google.android.gms:play-services-ads-lite:20.5.0] AndroidManifest.xml:46:5-65:19
MERGED from [com.google.android.gms:play-services-ads-lite:20.5.0] AndroidManifest.xml:46:5-65:19
MERGED from [com.google.android.gms:play-services-ads-base:20.5.0] AndroidManifest.xml:7:5-20
MERGED from [com.google.android.gms:play-services-ads-base:20.5.0] AndroidManifest.xml:7:5-20
MERGED from [com.google.android.gms:play-services-ads-identifier:17.0.0] AndroidManifest.xml:22:5-20
MERGED from [com.google.android.gms:play-services-ads-identifier:17.0.0] AndroidManifest.xml:22:5-20
MERGED from [com.google.android.gms:play-services-appset:16.0.0] AndroidManifest.xml:7:5-20
MERGED from [com.google.android.gms:play-services-appset:16.0.0] AndroidManifest.xml:7:5-20
MERGED from [com.google.android.gms:play-services-base:17.6.0] AndroidManifest.xml:22:5-27:19
MERGED from [com.google.android.gms:play-services-base:17.6.0] AndroidManifest.xml:22:5-27:19
MERGED from [com.google.android.gms:play-services-measurement-base:18.0.3] AndroidManifest.xml:7:5-20
MERGED from [com.google.android.gms:play-services-measurement-base:18.0.3] AndroidManifest.xml:7:5-20
MERGED from [com.google.android.gms:play-services-tasks:17.2.1] AndroidManifest.xml:7:5-20
MERGED from [com.google.android.gms:play-services-tasks:17.2.1] AndroidManifest.xml:7:5-20
MERGED from [com.google.android.gms:play-services-basement:17.6.0] AndroidManifest.xml:22:5-26:19
MERGED from [com.google.android.gms:play-services-basement:17.6.0] AndroidManifest.xml:22:5-26:19
MERGED from [androidx.emoji2:emoji2:1.0.0] AndroidManifest.xml:25:5-35:19
MERGED from [androidx.emoji2:emoji2:1.0.0] AndroidManifest.xml:25:5-35:19
MERGED from [androidx.work:work-runtime:2.7.0] AndroidManifest.xml:30:5-143:19
MERGED from [androidx.work:work-runtime:2.7.0] AndroidManifest.xml:30:5-143:19
MERGED from [androidx.core:core:1.7.0] AndroidManifest.xml:24:5-89
MERGED from [androidx.core:core:1.7.0] AndroidManifest.xml:24:5-89
MERGED from [androidx.versionedparcelable:versionedparcelable:1.1.1] AndroidManifest.xml:24:5-25:19
MERGED from [androidx.versionedparcelable:versionedparcelable:1.1.1] AndroidManifest.xml:24:5-25:19
MERGED from [androidx.lifecycle:lifecycle-process:2.4.0] AndroidManifest.xml:25:5-35:19
MERGED from [androidx.lifecycle:lifecycle-process:2.4.0] AndroidManifest.xml:25:5-35:19
MERGED from [androidx.startup:startup-runtime:1.0.0] AndroidManifest.xml:25:5-31:19
MERGED from [androidx.startup:startup-runtime:1.0.0] AndroidManifest.xml:25:5-31:19
MERGED from [androidx.room:room-runtime:2.2.5] AndroidManifest.xml:24:5-29:19
MERGED from [androidx.room:room-runtime:2.2.5] AndroidManifest.xml:24:5-29:19
	android:appComponentFactory
		ADDED from [androidx.core:core:1.7.0] AndroidManifest.xml:24:18-86
	android:supportsRtl
		ADDED from src\main\AndroidManifest.xml:11:9-35
	android:label
		ADDED from src\main\AndroidManifest.xml:9:9-41
	android:roundIcon
		ADDED from src\main\AndroidManifest.xml:10:9-54
	android:allowBackup
		ADDED from [com.github.smarteist:autoimageslider:1.4.0] AndroidManifest.xml:12:9-35
	tools:targetApi
		ADDED from src\main\AndroidManifest.xml:14:9-35
	android:icon
		ADDED from src\main\AndroidManifest.xml:8:9-43
	android:theme
		ADDED from src\main\AndroidManifest.xml:13:9-50
	android:fullBackupOnly
		ADDED from src\main\AndroidManifest.xml:7:9-38
meta-data#com.google.android.gms.ads.APPLICATION_ID
ADDED from src\main\AndroidManifest.xml:15:9-17:69
	android:value
		ADDED from src\main\AndroidManifest.xml:17:13-67
	android:name
		ADDED from src\main\AndroidManifest.xml:16:13-69
activity#library.files.librarynepal.solutionwilladdsoon
ADDED from src\main\AndroidManifest.xml:19:9-21:39
	android:exported
		ADDED from src\main\AndroidManifest.xml:21:13-36
	android:name
		ADDED from src\main\AndroidManifest.xml:20:13-48
activity#library.files.librarynepal.class10ganit
ADDED from src\main\AndroidManifest.xml:22:9-24:39
	android:exported
		ADDED from src\main\AndroidManifest.xml:24:13-36
	android:name
		ADDED from src\main\AndroidManifest.xml:23:13-41
activity#library.files.librarynepal.class10optscience
ADDED from src\main\AndroidManifest.xml:25:9-27:39
	android:exported
		ADDED from src\main\AndroidManifest.xml:27:13-36
	android:name
		ADDED from src\main\AndroidManifest.xml:26:13-46
activity#library.files.librarynepal.class10science
ADDED from src\main\AndroidManifest.xml:28:9-30:39
	android:exported
		ADDED from src\main\AndroidManifest.xml:30:13-36
	android:name
		ADDED from src\main\AndroidManifest.xml:29:13-43
activity#library.files.librarynepal.class10pop
ADDED from src\main\AndroidManifest.xml:31:9-33:39
	android:exported
		ADDED from src\main\AndroidManifest.xml:33:13-36
	android:name
		ADDED from src\main\AndroidManifest.xml:32:13-39
activity#library.files.librarynepal.class10optmath
ADDED from src\main\AndroidManifest.xml:34:9-36:39
	android:exported
		ADDED from src\main\AndroidManifest.xml:36:13-36
	android:name
		ADDED from src\main\AndroidManifest.xml:35:13-43
activity#library.files.librarynepal.class10nepali
ADDED from src\main\AndroidManifest.xml:37:9-39:39
	android:exported
		ADDED from src\main\AndroidManifest.xml:39:13-36
	android:name
		ADDED from src\main\AndroidManifest.xml:38:13-42
activity#library.files.librarynepal.class10math
ADDED from src\main\AndroidManifest.xml:40:9-42:39
	android:exported
		ADDED from src\main\AndroidManifest.xml:42:13-36
	android:name
		ADDED from src\main\AndroidManifest.xml:41:13-40
activity#library.files.librarynepal.class10hpe
ADDED from src\main\AndroidManifest.xml:43:9-45:39
	android:exported
		ADDED from src\main\AndroidManifest.xml:45:13-36
	android:name
		ADDED from src\main\AndroidManifest.xml:44:13-39
activity#library.files.librarynepal.class9ganit
ADDED from src\main\AndroidManifest.xml:46:9-48:39
	android:exported
		ADDED from src\main\AndroidManifest.xml:48:13-36
	android:name
		ADDED from src\main\AndroidManifest.xml:47:13-40
activity#library.files.librarynepal.class10english
ADDED from src\main\AndroidManifest.xml:49:9-51:39
	android:exported
		ADDED from src\main\AndroidManifest.xml:51:13-36
	android:name
		ADDED from src\main\AndroidManifest.xml:50:13-43
activity#library.files.librarynepal.class10cs
ADDED from src\main\AndroidManifest.xml:52:9-54:39
	android:exported
		ADDED from src\main\AndroidManifest.xml:54:13-36
	android:name
		ADDED from src\main\AndroidManifest.xml:53:13-38
activity#library.files.librarynepal.class9science
ADDED from src\main\AndroidManifest.xml:55:9-57:39
	android:exported
		ADDED from src\main\AndroidManifest.xml:57:13-36
	android:name
		ADDED from src\main\AndroidManifest.xml:56:13-42
activity#library.files.librarynepal.class9optscience
ADDED from src\main\AndroidManifest.xml:58:9-60:39
	android:exported
		ADDED from src\main\AndroidManifest.xml:60:13-36
	android:name
		ADDED from src\main\AndroidManifest.xml:59:13-45
activity#library.files.librarynepal.class9optenglish
ADDED from src\main\AndroidManifest.xml:61:9-63:39
	android:exported
		ADDED from src\main\AndroidManifest.xml:63:13-36
	android:name
		ADDED from src\main\AndroidManifest.xml:62:13-45
activity#library.files.librarynepal.class9nepali
ADDED from src\main\AndroidManifest.xml:64:9-66:39
	android:exported
		ADDED from src\main\AndroidManifest.xml:66:13-36
	android:name
		ADDED from src\main\AndroidManifest.xml:65:13-41
activity#library.files.librarynepal.class9math
ADDED from src\main\AndroidManifest.xml:67:9-69:39
	android:exported
		ADDED from src\main\AndroidManifest.xml:69:13-36
	android:name
		ADDED from src\main\AndroidManifest.xml:68:13-39
activity#library.files.librarynepal.class9english
ADDED from src\main\AndroidManifest.xml:70:9-72:39
	android:exported
		ADDED from src\main\AndroidManifest.xml:72:13-36
	android:name
		ADDED from src\main\AndroidManifest.xml:71:13-42
activity#library.files.librarynepal.class9computer
ADDED from src\main\AndroidManifest.xml:73:9-75:39
	android:exported
		ADDED from src\main\AndroidManifest.xml:75:13-36
	android:name
		ADDED from src\main\AndroidManifest.xml:74:13-43
activity#library.files.librarynepal.class8science
ADDED from src\main\AndroidManifest.xml:76:9-78:39
	android:exported
		ADDED from src\main\AndroidManifest.xml:78:13-36
	android:name
		ADDED from src\main\AndroidManifest.xml:77:13-42
activity#library.files.librarynepal.class8math
ADDED from src\main\AndroidManifest.xml:79:9-81:39
	android:exported
		ADDED from src\main\AndroidManifest.xml:81:13-36
	android:name
		ADDED from src\main\AndroidManifest.xml:80:13-39
activity#library.files.librarynepal.class8moraledn
ADDED from src\main\AndroidManifest.xml:82:9-84:39
	android:exported
		ADDED from src\main\AndroidManifest.xml:84:13-36
	android:name
		ADDED from src\main\AndroidManifest.xml:83:13-43
activity#library.files.librarynepal.class8hpe
ADDED from src\main\AndroidManifest.xml:85:9-87:39
	android:exported
		ADDED from src\main\AndroidManifest.xml:87:13-36
	android:name
		ADDED from src\main\AndroidManifest.xml:86:13-38
activity#library.files.librarynepal.class8english
ADDED from src\main\AndroidManifest.xml:88:9-90:39
	android:exported
		ADDED from src\main\AndroidManifest.xml:90:13-36
	android:name
		ADDED from src\main\AndroidManifest.xml:89:13-42
activity#library.files.librarynepal.class7science
ADDED from src\main\AndroidManifest.xml:91:9-93:39
	android:exported
		ADDED from src\main\AndroidManifest.xml:93:13-36
	android:name
		ADDED from src\main\AndroidManifest.xml:92:13-42
activity#library.files.librarynepal.class7occupation
ADDED from src\main\AndroidManifest.xml:94:9-96:39
	android:exported
		ADDED from src\main\AndroidManifest.xml:96:13-36
	android:name
		ADDED from src\main\AndroidManifest.xml:95:13-45
activity#library.files.librarynepal.class7moraledn
ADDED from src\main\AndroidManifest.xml:97:9-99:39
	android:exported
		ADDED from src\main\AndroidManifest.xml:99:13-36
	android:name
		ADDED from src\main\AndroidManifest.xml:98:13-43
activity#library.files.librarynepal.class7hpe
ADDED from src\main\AndroidManifest.xml:100:9-102:39
	android:exported
		ADDED from src\main\AndroidManifest.xml:102:13-36
	android:name
		ADDED from src\main\AndroidManifest.xml:101:13-38
activity#library.files.librarynepal.class7english
ADDED from src\main\AndroidManifest.xml:103:9-105:39
	android:exported
		ADDED from src\main\AndroidManifest.xml:105:13-36
	android:name
		ADDED from src\main\AndroidManifest.xml:104:13-42
activity#library.files.librarynepal.class6science
ADDED from src\main\AndroidManifest.xml:106:9-108:39
	android:exported
		ADDED from src\main\AndroidManifest.xml:108:13-36
	android:name
		ADDED from src\main\AndroidManifest.xml:107:13-42
activity#library.files.librarynepal.class6occupation
ADDED from src\main\AndroidManifest.xml:109:9-111:39
	android:exported
		ADDED from src\main\AndroidManifest.xml:111:13-36
	android:name
		ADDED from src\main\AndroidManifest.xml:110:13-45
activity#library.files.librarynepal.class6moraledn
ADDED from src\main\AndroidManifest.xml:112:9-114:39
	android:exported
		ADDED from src\main\AndroidManifest.xml:114:13-36
	android:name
		ADDED from src\main\AndroidManifest.xml:113:13-43
activity#library.files.librarynepal.class6hpe
ADDED from src\main\AndroidManifest.xml:115:9-117:39
	android:exported
		ADDED from src\main\AndroidManifest.xml:117:13-36
	android:name
		ADDED from src\main\AndroidManifest.xml:116:13-38
activity#library.files.librarynepal.class6english
ADDED from src\main\AndroidManifest.xml:118:9-120:39
	android:exported
		ADDED from src\main\AndroidManifest.xml:120:13-36
	android:name
		ADDED from src\main\AndroidManifest.xml:119:13-42
activity#library.files.librarynepal.grade12
ADDED from src\main\AndroidManifest.xml:121:9-123:39
	android:exported
		ADDED from src\main\AndroidManifest.xml:123:13-36
	android:name
		ADDED from src\main\AndroidManifest.xml:122:13-36
activity#library.files.librarynepal.grade11
ADDED from src\main\AndroidManifest.xml:124:9-126:39
	android:exported
		ADDED from src\main\AndroidManifest.xml:126:13-36
	android:name
		ADDED from src\main\AndroidManifest.xml:125:13-36
activity#library.files.librarynepal.grade10
ADDED from src\main\AndroidManifest.xml:127:9-129:39
	android:exported
		ADDED from src\main\AndroidManifest.xml:129:13-36
	android:name
		ADDED from src\main\AndroidManifest.xml:128:13-36
activity#library.files.librarynepal.grade9
ADDED from src\main\AndroidManifest.xml:130:9-132:39
	android:exported
		ADDED from src\main\AndroidManifest.xml:132:13-36
	android:name
		ADDED from src\main\AndroidManifest.xml:131:13-35
activity#library.files.librarynepal.grade8
ADDED from src\main\AndroidManifest.xml:133:9-135:39
	android:exported
		ADDED from src\main\AndroidManifest.xml:135:13-36
	android:name
		ADDED from src\main\AndroidManifest.xml:134:13-35
activity#library.files.librarynepal.grade7
ADDED from src\main\AndroidManifest.xml:136:9-138:39
	android:exported
		ADDED from src\main\AndroidManifest.xml:138:13-36
	android:name
		ADDED from src\main\AndroidManifest.xml:137:13-35
activity#library.files.librarynepal.grade6
ADDED from src\main\AndroidManifest.xml:139:9-141:39
	android:exported
		ADDED from src\main\AndroidManifest.xml:141:13-36
	android:name
		ADDED from src\main\AndroidManifest.xml:140:13-35
activity#library.files.librarynepal.grade5
ADDED from src\main\AndroidManifest.xml:142:9-144:39
	android:exported
		ADDED from src\main\AndroidManifest.xml:144:13-36
	android:name
		ADDED from src\main\AndroidManifest.xml:143:13-35
activity#library.files.librarynepal.grade4
ADDED from src\main\AndroidManifest.xml:145:9-147:39
	android:exported
		ADDED from src\main\AndroidManifest.xml:147:13-36
	android:name
		ADDED from src\main\AndroidManifest.xml:146:13-35
activity#library.files.librarynepal.grade3
ADDED from src\main\AndroidManifest.xml:148:9-150:39
	android:exported
		ADDED from src\main\AndroidManifest.xml:150:13-36
	android:name
		ADDED from src\main\AndroidManifest.xml:149:13-35
activity#library.files.librarynepal.grade2
ADDED from src\main\AndroidManifest.xml:151:9-153:39
	android:exported
		ADDED from src\main\AndroidManifest.xml:153:13-36
	android:name
		ADDED from src\main\AndroidManifest.xml:152:13-35
activity#library.files.librarynepal.grade1
ADDED from src\main\AndroidManifest.xml:154:9-156:39
	android:exported
		ADDED from src\main\AndroidManifest.xml:156:13-36
	android:name
		ADDED from src\main\AndroidManifest.xml:155:13-35
activity#library.files.librarynepal.class5ganit
ADDED from src\main\AndroidManifest.xml:157:9-159:39
	android:exported
		ADDED from src\main\AndroidManifest.xml:159:13-36
	android:name
		ADDED from src\main\AndroidManifest.xml:158:13-40
activity#library.files.librarynepal.class5science
ADDED from src\main\AndroidManifest.xml:160:9-162:39
	android:exported
		ADDED from src\main\AndroidManifest.xml:162:13-36
	android:name
		ADDED from src\main\AndroidManifest.xml:161:13-42
activity#library.files.librarynepal.class5math
ADDED from src\main\AndroidManifest.xml:163:9-165:39
	android:exported
		ADDED from src\main\AndroidManifest.xml:165:13-36
	android:name
		ADDED from src\main\AndroidManifest.xml:164:13-39
activity#library.files.librarynepal.class5social
ADDED from src\main\AndroidManifest.xml:166:9-168:39
	android:exported
		ADDED from src\main\AndroidManifest.xml:168:13-36
	android:name
		ADDED from src\main\AndroidManifest.xml:167:13-41
activity#library.files.librarynepal.class5english
ADDED from src\main\AndroidManifest.xml:169:9-171:39
	android:exported
		ADDED from src\main\AndroidManifest.xml:171:13-36
	android:name
		ADDED from src\main\AndroidManifest.xml:170:13-42
activity#library.files.librarynepal.class4ganit
ADDED from src\main\AndroidManifest.xml:172:9-174:39
	android:exported
		ADDED from src\main\AndroidManifest.xml:174:13-36
	android:name
		ADDED from src\main\AndroidManifest.xml:173:13-40
activity#library.files.librarynepal.class4science
ADDED from src\main\AndroidManifest.xml:175:9-177:39
	android:exported
		ADDED from src\main\AndroidManifest.xml:177:13-36
	android:name
		ADDED from src\main\AndroidManifest.xml:176:13-42
activity#library.files.librarynepal.class4social
ADDED from src\main\AndroidManifest.xml:178:9-180:39
	android:exported
		ADDED from src\main\AndroidManifest.xml:180:13-36
	android:name
		ADDED from src\main\AndroidManifest.xml:179:13-41
activity#library.files.librarynepal.class4math
ADDED from src\main\AndroidManifest.xml:181:9-183:39
	android:exported
		ADDED from src\main\AndroidManifest.xml:183:13-36
	android:name
		ADDED from src\main\AndroidManifest.xml:182:13-39
activity#library.files.librarynepal.class4english
ADDED from src\main\AndroidManifest.xml:184:9-186:39
	android:exported
		ADDED from src\main\AndroidManifest.xml:186:13-36
	android:name
		ADDED from src\main\AndroidManifest.xml:185:13-42
activity#library.files.librarynepal.class3socialss
ADDED from src\main\AndroidManifest.xml:187:9-189:39
	android:exported
		ADDED from src\main\AndroidManifest.xml:189:13-36
	android:name
		ADDED from src\main\AndroidManifest.xml:188:13-43
activity#library.files.librarynepal.class3myenglish
ADDED from src\main\AndroidManifest.xml:190:9-192:39
	android:exported
		ADDED from src\main\AndroidManifest.xml:192:13-36
	android:name
		ADDED from src\main\AndroidManifest.xml:191:13-44
activity#library.files.librarynepal.class3science
ADDED from src\main\AndroidManifest.xml:193:9-195:39
	android:exported
		ADDED from src\main\AndroidManifest.xml:195:13-36
	android:name
		ADDED from src\main\AndroidManifest.xml:194:13-42
activity#library.files.librarynepal.class3math
ADDED from src\main\AndroidManifest.xml:196:9-198:39
	android:exported
		ADDED from src\main\AndroidManifest.xml:198:13-36
	android:name
		ADDED from src\main\AndroidManifest.xml:197:13-39
activity#library.files.librarynepal.class3english
ADDED from src\main\AndroidManifest.xml:199:9-201:39
	android:exported
		ADDED from src\main\AndroidManifest.xml:201:13-36
	android:name
		ADDED from src\main\AndroidManifest.xml:200:13-42
activity#library.files.librarynepal.class2english
ADDED from src\main\AndroidManifest.xml:202:9-204:39
	android:exported
		ADDED from src\main\AndroidManifest.xml:204:13-36
	android:name
		ADDED from src\main\AndroidManifest.xml:203:13-42
activity#library.files.librarynepal.class2socialss
ADDED from src\main\AndroidManifest.xml:205:9-207:39
	android:exported
		ADDED from src\main\AndroidManifest.xml:207:13-36
	android:name
		ADDED from src\main\AndroidManifest.xml:206:13-43
activity#library.files.librarynepal.class2science
ADDED from src\main\AndroidManifest.xml:208:9-210:39
	android:exported
		ADDED from src\main\AndroidManifest.xml:210:13-36
	android:name
		ADDED from src\main\AndroidManifest.xml:209:13-42
activity#library.files.librarynepal.class2math
ADDED from src\main\AndroidManifest.xml:211:9-213:39
	android:exported
		ADDED from src\main\AndroidManifest.xml:213:13-36
	android:name
		ADDED from src\main\AndroidManifest.xml:212:13-39
activity#library.files.librarynepal.class1nepali
ADDED from src\main\AndroidManifest.xml:214:9-216:39
	android:exported
		ADDED from src\main\AndroidManifest.xml:216:13-36
	android:name
		ADDED from src\main\AndroidManifest.xml:215:13-41
activity#library.files.librarynepal.class1math
ADDED from src\main\AndroidManifest.xml:217:9-219:39
	android:exported
		ADDED from src\main\AndroidManifest.xml:219:13-36
	android:name
		ADDED from src\main\AndroidManifest.xml:218:13-39
activity#library.files.librarynepal.class1hamroserofero
ADDED from src\main\AndroidManifest.xml:220:9-222:39
	android:exported
		ADDED from src\main\AndroidManifest.xml:222:13-36
	android:name
		ADDED from src\main\AndroidManifest.xml:221:13-48
activity#library.files.librarynepal.class1english
ADDED from src\main\AndroidManifest.xml:223:9-225:39
	android:exported
		ADDED from src\main\AndroidManifest.xml:225:13-36
	android:name
		ADDED from src\main\AndroidManifest.xml:224:13-42
activity#library.files.librarynepal.highersecondary
ADDED from src\main\AndroidManifest.xml:226:9-228:39
	android:exported
		ADDED from src\main\AndroidManifest.xml:228:13-36
	android:name
		ADDED from src\main\AndroidManifest.xml:227:13-44
activity#library.files.librarynepal.secondary
ADDED from src\main\AndroidManifest.xml:229:9-231:39
	android:exported
		ADDED from src\main\AndroidManifest.xml:231:13-36
	android:name
		ADDED from src\main\AndroidManifest.xml:230:13-38
activity#library.files.librarynepal.lowersecondary
ADDED from src\main\AndroidManifest.xml:232:9-234:39
	android:exported
		ADDED from src\main\AndroidManifest.xml:234:13-36
	android:name
		ADDED from src\main\AndroidManifest.xml:233:13-43
activity#library.files.librarynepal.primarylevel
ADDED from src\main\AndroidManifest.xml:235:9-237:39
	android:exported
		ADDED from src\main\AndroidManifest.xml:237:13-36
	android:name
		ADDED from src\main\AndroidManifest.xml:236:13-41
activity#library.files.librarynepal.solutionbook_class12
ADDED from src\main\AndroidManifest.xml:238:9-240:39
	android:exported
		ADDED from src\main\AndroidManifest.xml:240:13-36
	android:name
		ADDED from src\main\AndroidManifest.xml:239:13-49
activity#library.files.librarynepal.solutionbook_class11
ADDED from src\main\AndroidManifest.xml:241:9-243:39
	android:exported
		ADDED from src\main\AndroidManifest.xml:243:13-36
	android:name